<?xml version="1.0" encoding="UTF-8"?>
<!-- Generated by org.testng.reporters.JUnitXMLReporter -->
<testsuite hostname="DESKTOP-974G9KF" ignored="4" name="Default test" tests="1" failures="0" timestamp="24 Dec 2018 16:30:46 GMT" time="22.357" errors="0">
  <testcase name="titleImpl" time="15.671" classname="com.mudaila.qa.testcases.LoginImpl"/>
  <testcase name="mudailaLoginImpl" time="0.0" classname="com.mudaila.qa.testcases.LoginImpl">
    <ignored/>
  </testcase> <!-- mudailaLoginImpl -->
  <testcase name="rememberMe" time="0.0" classname="com.mudaila.qa.testcases.LoginImpl">
    <ignored/>
  </testcase> <!-- rememberMe -->
  <testcase name="forgotpPassword" time="0.0" classname="com.mudaila.qa.testcases.LoginImpl">
    <ignored/>
  </testcase> <!-- forgotpPassword -->
  <testcase name="logoCheck" time="0.0" classname="com.mudaila.qa.testcases.LoginImpl">
    <ignored/>
  </testcase> <!-- logoCheck -->
</testsuite> <!-- Default test -->
